# JRE version: Java(TM) SE Runtime Environment (8.0_77-b03) (build 1.8.0_77-b03)
# Java VM: Java HotSpot(TM) 64-Bit Server VM (25.77-b03 mixed mode windows-amd64 compressed oops)
Heap:
 PSYoungGen      total 93696K, used 56207K [0x00000000d7800000, 0x00000000dff00000, 0x0000000100000000)
  eden space 89088K, 58% used [0x00000000d7800000,0x00000000daadb318,0x00000000dcf00000)
  from space 4608K, 89% used [0x00000000dfa80000,0x00000000dfe88ab8,0x00000000dff00000)
  to   space 8704K, 0% used [0x00000000dee00000,0x00000000dee00000,0x00000000df680000)
 ParOldGen       total 59392K, used 8025K [0x0000000086800000, 0x000000008a200000, 0x00000000d7800000)
  object space 59392K, 13% used [0x0000000086800000,0x0000000086fd6698,0x000000008a200000)
 Metaspace       used 26085K, capacity 26428K, committed 26624K, reserved 1073152K
  class space    used 3229K, capacity 3323K, committed 3328K, reserved 1048576K
GC Heap History (10 events):
Event: 1.739 GC heap before
{Heap before GC invocations=3 (full 0):
 PSYoungGen      total 36352K, used 36325K [0x00000000d7800000, 0x00000000da080000, 0x0000000100000000)
  eden space 31232K, 100% used [0x00000000d7800000,0x00000000d9680000,0x00000000d9680000)
  from space 5120K, 99% used [0x00000000d9b80000,0x00000000da0794b0,0x00000000da080000)
  to   space 5120K, 0% used [0x00000000d9680000,0x00000000d9680000,0x00000000d9b80000)
 ParOldGen       total 83456K, used 1116K [0x0000000086800000, 0x000000008b980000, 0x00000000d7800000)
  object space 83456K, 1% used [0x0000000086800000,0x0000000086917190,0x000000008b980000)
 Metaspace       used 16433K, capacity 16720K, committed 17024K, reserved 1064960K
  class space    used 2019K, capacity 2066K, committed 2176K, reserved 1048576K
Event: 1.748 GC heap after
Heap after GC invocations=3 (full 0):
 PSYoungGen      total 36352K, used 5111K [0x00000000d7800000, 0x00000000dbf00000, 0x0000000100000000)
  eden space 31232K, 0% used [0x00000000d7800000,0x00000000d7800000,0x00000000d9680000)
  from space 5120K, 99% used [0x00000000d9680000,0x00000000d9b7df30,0x00000000d9b80000)
  to   space 5120K, 0% used [0x00000000dba00000,0x00000000dba00000,0x00000000dbf00000)
 ParOldGen       total 83456K, used 2692K [0x0000000086800000, 0x000000008b980000, 0x00000000d7800000)
  object space 83456K, 3% used [0x0000000086800000,0x0000000086aa1170,0x000000008b980000)
 Metaspace       used 16433K, capacity 16720K, committed 17024K, reserved 1064960K
  class space    used 2019K, capacity 2066K, committed 2176K, reserved 1048576K
}
Event: 2.162 GC heap before
{Heap before GC invocations=4 (full 0):
 PSYoungGen      total 36352K, used 36343K [0x00000000d7800000, 0x00000000dbf00000, 0x0000000100000000)
  eden space 31232K, 100% used [0x00000000d7800000,0x00000000d9680000,0x00000000d9680000)
  from space 5120K, 99% used [0x00000000d9680000,0x00000000d9b7df30,0x00000000d9b80000)
  to   space 5120K, 0% used [0x00000000dba00000,0x00000000dba00000,0x00000000dbf00000)
 ParOldGen       total 83456K, used 2692K [0x0000000086800000, 0x000000008b980000, 0x00000000d7800000)
  object space 83456K, 3% used [0x0000000086800000,0x0000000086aa1170,0x000000008b980000)
 Metaspace       used 19566K, capacity 19840K, committed 20224K, reserved 1067008K
  class space    used 2391K, capacity 2465K, committed 2560K, reserved 1048576K
Event: 2.174 GC heap after
Heap after GC invocations=4 (full 0):
 PSYoungGen      total 67584K, used 5112K [0x00000000d7800000, 0x00000000dbf00000, 0x0000000100000000)
  eden space 62464K, 0% used [0x00000000d7800000,0x00000000d7800000,0x00000000db500000)
  from space 5120K, 99% used [0x00000000dba00000,0x00000000dbefe050,0x00000000dbf00000)
  to   space 5120K, 0% used [0x00000000db500000,0x00000000db500000,0x00000000dba00000)
 ParOldGen       total 83456K, used 4490K [0x0000000086800000, 0x000000008b980000, 0x00000000d7800000)
  object space 83456K, 5% used [0x0000000086800000,0x0000000086c62b48,0x000000008b980000)
 Metaspace       used 19566K, capacity 19840K, committed 20224K, reserved 1067008K
  class space    used 2391K, capacity 2465K, committed 2560K, reserved 1048576K
}
Event: 2.528 GC heap before
{Heap before GC invocations=5 (full 0):
 PSYoungGen      total 67584K, used 62059K [0x00000000d7800000, 0x00000000dbf00000, 0x0000000100000000)
  eden space 62464K, 91% used [0x00000000d7800000,0x00000000daf9cef0,0x00000000db500000)
  from space 5120K, 99% used [0x00000000dba00000,0x00000000dbefe050,0x00000000dbf00000)
  to   space 5120K, 0% used [0x00000000db500000,0x00000000db500000,0x00000000dba00000)
 ParOldGen       total 83456K, used 4490K [0x0000000086800000, 0x000000008b980000, 0x00000000d7800000)
  object space 83456K, 5% used [0x0000000086800000,0x0000000086c62b48,0x000000008b980000)
 Metaspace       used 20819K, capacity 21146K, committed 21296K, reserved 1069056K
  class space    used 2540K, capacity 2640K, committed 2688K, reserved 1048576K
Event: 2.540 GC heap after
Heap after GC invocations=5 (full 0):
 PSYoungGen      total 67584K, used 5105K [0x00000000d7800000, 0x00000000e0300000, 0x0000000100000000)
  eden space 62464K, 0% used [0x00000000d7800000,0x00000000d7800000,0x00000000db500000)
  from space 5120K, 99% used [0x00000000db500000,0x00000000db9fc550,0x00000000dba00000)
  to   space 8704K, 0% used [0x00000000dfa80000,0x00000000dfa80000,0x00000000e0300000)
 ParOldGen       total 83456K, used 6867K [0x0000000086800000, 0x000000008b980000, 0x00000000d7800000)
  object space 83456K, 8% used [0x0000000086800000,0x0000000086eb4d10,0x000000008b980000)
 Metaspace       used 20819K, capacity 21146K, committed 21296K, reserved 1069056K
  class space    used 2540K, capacity 2640K, committed 2688K, reserved 1048576K
}
Event: 2.540 GC heap before
{Heap before GC invocations=6 (full 1):
 PSYoungGen      total 67584K, used 5105K [0x00000000d7800000, 0x00000000e0300000, 0x0000000100000000)
  eden space 62464K, 0% used [0x00000000d7800000,0x00000000d7800000,0x00000000db500000)
  from space 5120K, 99% used [0x00000000db500000,0x00000000db9fc550,0x00000000dba00000)
  to   space 8704K, 0% used [0x00000000dfa80000,0x00000000dfa80000,0x00000000e0300000)
 ParOldGen       total 83456K, used 6867K [0x0000000086800000, 0x000000008b980000, 0x00000000d7800000)
  object space 83456K, 8% used [0x0000000086800000,0x0000000086eb4d10,0x000000008b980000)
 Metaspace       used 20819K, capacity 21146K, committed 21296K, reserved 1069056K
  class space    used 2540K, capacity 2640K, committed 2688K, reserved 1048576K
Event: 2.597 GC heap after
Heap after GC invocations=6 (full 1):
 PSYoungGen      total 67584K, used 0K [0x00000000d7800000, 0x00000000e0300000, 0x0000000100000000)
  eden space 62464K, 0% used [0x00000000d7800000,0x00000000d7800000,0x00000000db500000)
  from space 5120K, 0% used [0x00000000db500000,0x00000000db500000,0x00000000dba00000)
  to   space 8704K, 0% used [0x00000000dfa80000,0x00000000dfa80000,0x00000000e0300000)
 ParOldGen       total 59392K, used 8017K [0x0000000086800000, 0x000000008a200000, 0x00000000d7800000)
  object space 59392K, 13% used [0x0000000086800000,0x0000000086fd4698,0x000000008a200000)
 Metaspace       used 20819K, capacity 21146K, committed 21296K, reserved 1069056K
  class space    used 2540K, capacity 2640K, committed 2688K, reserved 1048576K
}
Event: 3.342 GC heap before
{Heap before GC invocations=7 (full 1):
 PSYoungGen      total 67584K, used 62464K [0x00000000d7800000, 0x00000000e0300000, 0x0000000100000000)
  eden space 62464K, 100% used [0x00000000d7800000,0x00000000db500000,0x00000000db500000)
  from space 5120K, 0% used [0x00000000db500000,0x00000000db500000,0x00000000dba00000)
  to   space 8704K, 0% used [0x00000000dfa80000,0x00000000dfa80000,0x00000000e0300000)
 ParOldGen       total 59392K, used 8017K [0x0000000086800000, 0x000000008a200000, 0x00000000d7800000)
  object space 59392K, 13% used [0x0000000086800000,0x0000000086fd4698,0x000000008a200000)
 Metaspace       used 23434K, capacity 23730K, committed 24064K, reserved 1071104K
  class space    used 2879K, capacity 2964K, committed 3072K, reserved 1048576K
Event: 3.347 GC heap after
Heap after GC invocations=7 (full 1):
 PSYoungGen      total 93696K, used 4130K [0x00000000d7800000, 0x00000000dff00000, 0x0000000100000000)
  eden space 89088K, 0% used [0x00000000d7800000,0x00000000d7800000,0x00000000dcf00000)
  from space 4608K, 89% used [0x00000000dfa80000,0x00000000dfe88ab8,0x00000000dff00000)
  to   space 8704K, 0% used [0x00000000dee00000,0x00000000dee00000,0x00000000df680000)
 ParOldGen       total 59392K, used 8025K [0x0000000086800000, 0x000000008a200000, 0x00000000d7800000)
  object space 59392K, 13% used [0x0000000086800000,0x0000000086fd6698,0x000000008a200000)
 Metaspace       used 23434K, capacity 23730K, committed 24064K, reserved 1071104K
  class space    used 2879K, capacity 2964K, committed 3072K, reserved 1048576K
}

